[debug] ----------------------------------------------------------------------
[debug] Command:      /usr/local/bin/node /usr/local/bin/firebase deploy --debug
[debug] CLI Version:  3.2.2
[debug] Platform:     darwin
[debug] Node Version: v6.9.4
[debug] Time:         Mon Feb 06 2017 19:06:29 GMT-0600 (CST)
[debug] ----------------------------------------------------------------------
[debug] 
[debug] > command requires scopes: ["email","openid","https://www.googleapis.com/auth/cloudplatformprojects.readonly","https://www.googleapis.com/auth/firebase"]
[debug] > refreshing access token with scopes: ["email","https://www.googleapis.com/auth/cloudplatformprojects.readonly","https://www.googleapis.com/auth/firebase","openid"]
[debug] >>> HTTP REQUEST POST https://www.googleapis.com/oauth2/v3/token { refresh_token: '1/Ahmej6-H_kk-hjoRYLWBqOOMQ6TDUzyMVG2oHetR170',
  client_id: '563584335869-fgrhgmd47bqnekij5i8b5pr03ho849e6.apps.googleusercontent.com',
  client_secret: 'j9iVZfS8kkCEFUPaAeJV0sAi',
  grant_type: 'refresh_token',
  scope: 'email https://www.googleapis.com/auth/cloudplatformprojects.readonly https://www.googleapis.com/auth/firebase openid' } 
 Mon Feb 06 2017 19:06:30 GMT-0600 (CST)
[debug] <<< HTTP RESPONSE 200
[debug] >>> HTTP REQUEST GET https://admin.firebase.com/v1/projects/wayne-lawler-portfolio  
 Mon Feb 06 2017 19:06:30 GMT-0600 (CST)
[debug] <<< HTTP RESPONSE 200
[debug] >>> HTTP REQUEST GET https://admin.firebase.com/v1/database/wayne-lawler-portfolio/tokens  
 Mon Feb 06 2017 19:06:31 GMT-0600 (CST)
[debug] <<< HTTP RESPONSE 200
[info] 
[info] === Deploying to 'wayne-lawler-portfolio'...
[info] 
[info] i  deploying hosting
[info] ✔  database: rules ready to deploy.
[info] i  hosting: preparing / directory for upload...
[debug] >>> HTTP REQUEST PUT https://deploy.firebase.com/v1/hosting/wayne-lawler-portfolio/uploads/-KcL5tk1Raa8GcC1t3HE?fileCount=141&message=  
 Mon Feb 06 2017 19:06:35 GMT-0600 (CST)
[debug] <<< HTTP RESPONSE 200
[info] ✔  hosting: / folder uploaded successfully
[info] ✔  hosting: 141 files uploaded successfully
[info] i  starting release process (may take several minutes)...
[debug] >>> HTTP REQUEST POST https://deploy.firebase.com/v1/projects/wayne-lawler-portfolio/releases { database: { rulesString: undefined },
  hosting: 
   { public: '/',
     version: '-KcL5tk1Raa8GcC1t3HE',
     prefix: '-KcL5tk1Raa8GcC1t3HE/',
     manifest: [] } } 
 Mon Feb 06 2017 19:06:38 GMT-0600 (CST)
[debug] <<< HTTP RESPONSE 200
